<?xml version="1.0" encoding="UTF-8"?>
<testsuite name="com.adp.account_service.AccountServiceApplicationTests" tests="1" skipped="0" failures="0" errors="0" timestamp="2024-08-20T01:08:16" hostname="MSI" time="0.611">
  <properties/>
  <testcase name="contextLoads()" classname="com.adp.account_service.AccountServiceApplicationTests" time="0.611"/>
  <system-out><![CDATA[21:08:11.906 [Test worker] INFO org.springframework.test.context.support.AnnotationConfigContextLoaderUtils -- Could not detect default configuration classes for test class [com.adp.account_service.AccountServiceApplicationTests]: AccountServiceApplicationTests does not declare any static, non-private, non-final, nested classes annotated with @Configuration.
21:08:12.006 [Test worker] INFO org.springframework.boot.test.context.SpringBootTestContextBootstrapper -- Found @SpringBootConfiguration com.adp.account_service.AccountServiceApplication for test class com.adp.account_service.AccountServiceApplicationTests

  .   ____          _            __ _ _
 /\\ / ___'_ __ _ _(_)_ __  __ _ \ \ \ \
( ( )\___ | '_ | '_| | '_ \/ _` | \ \ \ \
 \\/  ___)| |_)| | | | | || (_| |  ) ) ) )
  '  |____| .__|_| |_|_| |_\__, | / / / /
 =========|_|==============|___/=/_/_/_/

 :: Spring Boot ::                (v3.3.2)

2024-08-19T21:08:12.514-04:00  INFO 24940 --- [account-service] [    Test worker] c.a.a.AccountServiceApplicationTests     : Starting AccountServiceApplicationTests using Java 22.0.2 with PID 24940 (started by trgre in C:\Users\trgre\Desktop\ADP_Two\account-service\account-service)
2024-08-19T21:08:12.515-04:00  INFO 24940 --- [account-service] [    Test worker] c.a.a.AccountServiceApplicationTests     : No active profile set, falling back to 1 default profile: "default"
2024-08-19T21:08:13.201-04:00  INFO 24940 --- [account-service] [    Test worker] .s.d.r.c.RepositoryConfigurationDelegate : Bootstrapping Spring Data JPA repositories in DEFAULT mode.
2024-08-19T21:08:13.260-04:00  INFO 24940 --- [account-service] [    Test worker] .s.d.r.c.RepositoryConfigurationDelegate : Finished Spring Data repository scanning in 49 ms. Found 1 JPA repository interface.
2024-08-19T21:08:13.994-04:00  INFO 24940 --- [account-service] [    Test worker] o.hibernate.jpa.internal.util.LogHelper  : HHH000204: Processing PersistenceUnitInfo [name: default]
2024-08-19T21:08:14.089-04:00  INFO 24940 --- [account-service] [    Test worker] org.hibernate.Version                    : HHH000412: Hibernate ORM core version 6.5.2.Final
2024-08-19T21:08:14.128-04:00  INFO 24940 --- [account-service] [    Test worker] o.h.c.internal.RegionFactoryInitiator    : HHH000026: Second-level cache disabled
2024-08-19T21:08:14.482-04:00  INFO 24940 --- [account-service] [    Test worker] o.s.o.j.p.SpringPersistenceUnitInfo      : No LoadTimeWeaver setup: ignoring JPA class transformer
2024-08-19T21:08:14.517-04:00  INFO 24940 --- [account-service] [    Test worker] com.zaxxer.hikari.HikariDataSource       : HikariPool-1 - Starting...
2024-08-19T21:08:14.735-04:00  INFO 24940 --- [account-service] [    Test worker] com.zaxxer.hikari.pool.HikariPool        : HikariPool-1 - Added connection org.postgresql.jdbc.PgConnection@6141647f
2024-08-19T21:08:14.737-04:00  INFO 24940 --- [account-service] [    Test worker] com.zaxxer.hikari.HikariDataSource       : HikariPool-1 - Start completed.
2024-08-19T21:08:14.772-04:00  WARN 24940 --- [account-service] [    Test worker] org.hibernate.orm.deprecation            : HHH90000025: PostgreSQLDialect does not need to be specified explicitly using 'hibernate.dialect' (remove the property setting and it will be selected by default)
2024-08-19T21:08:15.664-04:00  INFO 24940 --- [account-service] [    Test worker] o.h.e.t.j.p.i.JtaPlatformInitiator       : HHH000489: No JTA platform available (set 'hibernate.transaction.jta.platform' to enable JTA platform integration)
2024-08-19T21:08:15.721-04:00  INFO 24940 --- [account-service] [    Test worker] j.LocalContainerEntityManagerFactoryBean : Initialized JPA EntityManagerFactory for persistence unit 'default'
2024-08-19T21:08:16.097-04:00  WARN 24940 --- [account-service] [    Test worker] JpaBaseConfiguration$JpaWebConfiguration : spring.jpa.open-in-view is enabled by default. Therefore, database queries may be performed during view rendering. Explicitly configure spring.jpa.open-in-view to disable this warning
2024-08-19T21:08:16.134-04:00  WARN 24940 --- [account-service] [    Test worker] .s.s.UserDetailsServiceAutoConfiguration : 

Using generated security password: f69df6ff-2b31-48e2-b5f9-1fdf87fac06d

This generated password is for development use only. Your security configuration must be updated before running your application in production.

2024-08-19T21:08:16.143-04:00  INFO 24940 --- [account-service] [    Test worker] r$InitializeUserDetailsManagerConfigurer : Global AuthenticationManager configured with UserDetailsService bean with name inMemoryUserDetailsManager
2024-08-19T21:08:16.811-04:00  INFO 24940 --- [account-service] [    Test worker] c.a.a.AccountServiceApplicationTests     : Started AccountServiceApplicationTests in 4.618 seconds (process running for 5.872)
]]></system-out>
  <system-err><![CDATA[WARNING: A Java agent has been loaded dynamically (C:\Users\trgre\.gradle\caches\modules-2\files-2.1\net.bytebuddy\byte-buddy-agent\1.14.18\417558ea01fe9f0e8a94af28b9469d281c4e3984\byte-buddy-agent-1.14.18.jar)
WARNING: If a serviceability tool is in use, please run with -XX:+EnableDynamicAgentLoading to hide this warning
WARNING: If a serviceability tool is not in use, please run with -Djdk.instrument.traceUsage for more information
WARNING: Dynamic loading of agents will be disallowed by default in a future release
]]></system-err>
</testsuite>
