<?xml version="1.0" encoding="UTF-8"?>
<testsuite name="com.adp.account_service.AccountServiceApplicationTests" tests="1" skipped="0" failures="0" errors="0" timestamp="2024-08-20T19:36:06" hostname="MSI" time="0.579">
  <properties/>
  <testcase name="contextLoads()" classname="com.adp.account_service.AccountServiceApplicationTests" time="0.579"/>
  <system-out><![CDATA[15:36:01.177 [Test worker] INFO org.springframework.test.context.support.AnnotationConfigContextLoaderUtils -- Could not detect default configuration classes for test class [com.adp.account_service.AccountServiceApplicationTests]: AccountServiceApplicationTests does not declare any static, non-private, non-final, nested classes annotated with @Configuration.
15:36:01.291 [Test worker] INFO org.springframework.boot.test.context.SpringBootTestContextBootstrapper -- Found @SpringBootConfiguration com.adp.account_service.AccountServiceApplication for test class com.adp.account_service.AccountServiceApplicationTests

  .   ____          _            __ _ _
 /\\ / ___'_ __ _ _(_)_ __  __ _ \ \ \ \
( ( )\___ | '_ | '_| | '_ \/ _` | \ \ \ \
 \\/  ___)| |_)| | | | | || (_| |  ) ) ) )
  '  |____| .__|_| |_|_| |_\__, | / / / /
 =========|_|==============|___/=/_/_/_/

 :: Spring Boot ::                (v3.3.2)

2024-08-20T15:36:01.970-04:00  INFO 24120 --- [account-service] [    Test worker] c.a.a.AccountServiceApplicationTests     : Starting AccountServiceApplicationTests using Java 22.0.2 with PID 24120 (started by trgre in C:\Users\trgre\Desktop\ADP_Two\account-service\account-service)
2024-08-20T15:36:01.971-04:00  INFO 24120 --- [account-service] [    Test worker] c.a.a.AccountServiceApplicationTests     : No active profile set, falling back to 1 default profile: "default"
2024-08-20T15:36:02.865-04:00  INFO 24120 --- [account-service] [    Test worker] .s.d.r.c.RepositoryConfigurationDelegate : Bootstrapping Spring Data JPA repositories in DEFAULT mode.
2024-08-20T15:36:02.934-04:00  INFO 24120 --- [account-service] [    Test worker] .s.d.r.c.RepositoryConfigurationDelegate : Finished Spring Data repository scanning in 58 ms. Found 1 JPA repository interface.
2024-08-20T15:36:03.514-04:00  INFO 24120 --- [account-service] [    Test worker] o.hibernate.jpa.internal.util.LogHelper  : HHH000204: Processing PersistenceUnitInfo [name: default]
2024-08-20T15:36:03.604-04:00  INFO 24120 --- [account-service] [    Test worker] org.hibernate.Version                    : HHH000412: Hibernate ORM core version 6.5.2.Final
2024-08-20T15:36:03.659-04:00  INFO 24120 --- [account-service] [    Test worker] o.h.c.internal.RegionFactoryInitiator    : HHH000026: Second-level cache disabled
2024-08-20T15:36:04.049-04:00  INFO 24120 --- [account-service] [    Test worker] o.s.o.j.p.SpringPersistenceUnitInfo      : No LoadTimeWeaver setup: ignoring JPA class transformer
2024-08-20T15:36:04.084-04:00  INFO 24120 --- [account-service] [    Test worker] com.zaxxer.hikari.HikariDataSource       : HikariPool-1 - Starting...
2024-08-20T15:36:04.310-04:00  INFO 24120 --- [account-service] [    Test worker] com.zaxxer.hikari.pool.HikariPool        : HikariPool-1 - Added connection org.postgresql.jdbc.PgConnection@671da0f9
2024-08-20T15:36:04.311-04:00  INFO 24120 --- [account-service] [    Test worker] com.zaxxer.hikari.HikariDataSource       : HikariPool-1 - Start completed.
2024-08-20T15:36:04.349-04:00  WARN 24120 --- [account-service] [    Test worker] org.hibernate.orm.deprecation            : HHH90000025: PostgreSQLDialect does not need to be specified explicitly using 'hibernate.dialect' (remove the property setting and it will be selected by default)
2024-08-20T15:36:05.363-04:00  INFO 24120 --- [account-service] [    Test worker] o.h.e.t.j.p.i.JtaPlatformInitiator       : HHH000489: No JTA platform available (set 'hibernate.transaction.jta.platform' to enable JTA platform integration)
2024-08-20T15:36:05.413-04:00  INFO 24120 --- [account-service] [    Test worker] j.LocalContainerEntityManagerFactoryBean : Initialized JPA EntityManagerFactory for persistence unit 'default'
2024-08-20T15:36:05.872-04:00  WARN 24120 --- [account-service] [    Test worker] JpaBaseConfiguration$JpaWebConfiguration : spring.jpa.open-in-view is enabled by default. Therefore, database queries may be performed during view rendering. Explicitly configure spring.jpa.open-in-view to disable this warning
2024-08-20T15:36:05.917-04:00  WARN 24120 --- [account-service] [    Test worker] .s.s.UserDetailsServiceAutoConfiguration : 

Using generated security password: 8aea3dc6-ded2-4e4a-9a42-0c01bebb1965

This generated password is for development use only. Your security configuration must be updated before running your application in production.

2024-08-20T15:36:05.930-04:00  INFO 24120 --- [account-service] [    Test worker] r$InitializeUserDetailsManagerConfigurer : Global AuthenticationManager configured with UserDetailsService bean with name inMemoryUserDetailsManager
2024-08-20T15:36:06.718-04:00  INFO 24120 --- [account-service] [    Test worker] c.a.a.AccountServiceApplicationTests     : Started AccountServiceApplicationTests in 5.202 seconds (process running for 6.599)
]]></system-out>
  <system-err><![CDATA[WARNING: A Java agent has been loaded dynamically (C:\Users\trgre\.gradle\caches\modules-2\files-2.1\net.bytebuddy\byte-buddy-agent\1.14.18\417558ea01fe9f0e8a94af28b9469d281c4e3984\byte-buddy-agent-1.14.18.jar)
WARNING: If a serviceability tool is in use, please run with -XX:+EnableDynamicAgentLoading to hide this warning
WARNING: If a serviceability tool is not in use, please run with -Djdk.instrument.traceUsage for more information
WARNING: Dynamic loading of agents will be disallowed by default in a future release
]]></system-err>
</testsuite>
